#
# There is insufficient memory for the Java Runtime Environment to continue.
# Native memory allocation (malloc) failed to allocate 2078896 bytes for Chunk::new
# Possible reasons:
#   The system is out of physical RAM or swap space
#   In 32 bit mode, the process size limit was hit
# Possible solutions:
#   Reduce memory load on the system
#   Increase physical memory or swap space
#   Check if swap backing store is full
#   Use 64 bit Java on a 64 bit OS
#   Decrease Java heap size (-Xmx/-Xms)
#   Decrease number of Java threads
#   Decrease Java thread stack sizes (-Xss)
#   Set larger code cache with -XX:ReservedCodeCacheSize=
# This output file may be truncated or incomplete.
#
#  Out of Memory Error (allocation.cpp:390), pid=12796, tid=0x0000000000001008
#
# JRE version: Java(TM) SE Runtime Environment (8.0_191-b12) (build 1.8.0_191-b12)
# Java VM: Java HotSpot(TM) 64-Bit Server VM (25.191-b12 mixed mode windows-amd64 compressed oops)
# Failed to write core dump. Minidumps are not enabled by default on client versions of Windows
#

---------------  T H R E A D  ---------------

Current thread (0x0000000014f84800):  JavaThread "C2 CompilerThread1" daemon [_thread_in_native, id=4104, stack(0x00000000166f0000,0x00000000167f0000)]

Stack: [0x00000000166f0000,0x00000000167f0000]
[error occurred during error reporting (printing stack bounds), id 0xc0000005]

Native frames: (J=compiled Java code, j=interpreted, Vv=VM code, C=native code)


Current CompileTask:
C2:  11789 3533       4       java.net.URLClassLoader$1::run (5 bytes)


---------------  P R O C E S S  ---------------

Java Threads: ( => current thread )
  0x0000000016910800 JavaThread "Service Thread" daemon [_thread_blocked, id=6960, stack(0x0000000016cf0000,0x0000000016df0000)]
  0x0000000014f87000 JavaThread "C1 CompilerThread2" daemon [_thread_blocked, id=7100, stack(0x00000000167f0000,0x00000000168f0000)]
=>0x0000000014f84800 JavaThread "C2 CompilerThread1" daemon [_thread_in_native, id=4104, stack(0x00000000166f0000,0x00000000167f0000)]
  0x0000000014f81800 JavaThread "C2 CompilerThread0" daemon [_thread_in_native, id=12168, stack(0x00000000165f0000,0x00000000166f0000)]
  0x0000000014f7c000 JavaThread "Attach Listener" daemon [_thread_blocked, id=7564, stack(0x00000000164f0000,0x00000000165f0000)]
  0x0000000014f88000 JavaThread "Signal Dispatcher" daemon [_thread_blocked, id=8540, stack(0x00000000163f0000,0x00000000164f0000)]
  0x0000000014f6b000 JavaThread "Finalizer" daemon [_thread_blocked, id=14964, stack(0x00000000161f0000,0x00000000162f0000)]
  0x0000000014f6a000 JavaThread "Reference Handler" daemon [_thread_blocked, id=12316, stack(0x00000000160f0000,0x00000000161f0000)]
  0x0000000002892800 JavaThread "main" [_thread_in_native, id=5776, stack(0x0000000002790000,0x0000000002890000)]

Other Threads:
  0x0000000014f48800 VMThread [stack: 0x0000000015ff0000,0x00000000160f0000] [id=4672]
  0x0000000016922000 WatcherThread [stack: 0x0000000016df0000,0x0000000016ef0000] [id=11552]

VM state:not at safepoint (normal execution)

VM Mutex/Monitor currently owned by a thread: None

Heap:
 PSYoungGen      total 110592K, used 42077K [0x00000000eb300000, 0x00000000f2800000, 0x0000000100000000)
  eden space 102400K, 41% used [0x00000000eb300000,0x00000000edc17498,0x00000000f1700000)
  from space 8192K, 0% used [0x00000000f2000000,0x00000000f2000000,0x00000000f2800000)
  to   space 8704K, 0% used [0x00000000f1700000,0x00000000f1700000,0x00000000f1f80000)
 ParOldGen       total 39936K, used 12635K [0x00000000c1800000, 0x00000000c3f00000, 0x00000000eb300000)
  object space 39936K, 31% used [0x00000000c1800000,0x00000000c2456ce0,0x00000000c3f00000)
 Metaspace       used 22380K, capacity 22894K, committed 23088K, reserved 1069056K
  class space    used 2717K, capacity 2860K, committed 2944K, reserved 1048576K

Card table byte_map: [0x0000000011d50000,0x0000000011f50000] byte_map_base: 0x0000000011744000

Marking Bits: (ParMarkBitMap*) 0x0000000052603e30
 Begin Bits: [0x00000000124a0000, 0x0000000013440000)
 End Bits:   [0x0000000013440000, 0x00000000143e0000)

Polling page: 0x0000000000f80000

CodeCache: size=245760Kb used=11254Kb max_used=11346Kb free=234505Kb
 bounds [0x0000000002990000, 0x00000000034c0000, 0x0000000011990000]
 total_blobs=3652 nmethods=3261 adapters=303
 compilation: enabled

Compilation events (10 events):
Event: 11.768 Thread 0x0000000014f87000 3570       3       java.net.URI$Parser::substring (10 bytes)
Event: 11.768 Thread 0x0000000014f87000 nmethod 3570 0x0000000002fadc10 code [0x0000000002fadd80, 0x0000000002fadf88]
Event: 11.777 Thread 0x0000000014f87000 3571       1       sun.misc.URLClassPath::access$200 (5 bytes)
Event: 11.777 Thread 0x0000000014f87000 nmethod 3571 0x0000000002f54450 code [0x0000000002f545a0, 0x0000000002f54690]
Event: 11.778 Thread 0x0000000014f87000 3572       1       sun.misc.URLClassPath::access$300 (5 bytes)
Event: 11.778 Thread 0x0000000014f87000 nmethod 3572 0x0000000002f54190 code [0x0000000002f542e0, 0x0000000002f543d0]
Event: 11.783 Thread 0x0000000014f87000 3573       3       java.util.jar.JarFile::getManEntry (83 bytes)
Event: 11.784 Thread 0x0000000014f87000 nmethod 3573 0x0000000002f532d0 code [0x0000000002f534c0, 0x0000000002f53f08]
Event: 11.786 Thread 0x0000000014f87000 3574  s    3       java.util.Stack::pop (19 bytes)
Event: 11.787 Thread 0x0000000014f87000 nmethod 3574 0x0000000002f521d0 code [0x0000000002f52380, 0x0000000002f52ee8]

GC Heap History (10 events):
Event: 5.139 GC heap before
{Heap before GC invocations=7 (full 0):
 PSYoungGen      total 37888K, used 37101K [0x00000000eb300000, 0x00000000edf00000, 0x0000000100000000)
  eden space 32256K, 100% used [0x00000000eb300000,0x00000000ed280000,0x00000000ed280000)
  from space 5632K, 86% used [0x00000000ed880000,0x00000000edd3b780,0x00000000ede00000)
  to   space 6144K, 0% used [0x00000000ed280000,0x00000000ed280000,0x00000000ed880000)
 ParOldGen       total 44032K, used 7615K [0x00000000c1800000, 0x00000000c4300000, 0x00000000eb300000)
  object space 44032K, 17% used [0x00000000c1800000,0x00000000c1f6fff8,0x00000000c4300000)
 Metaspace       used 15703K, capacity 15992K, committed 16128K, reserved 1062912K
  class space    used 1875K, capacity 1982K, committed 2048K, reserved 1048576K
Event: 5.153 GC heap after
Heap after GC invocations=7 (full 0):
 PSYoungGen      total 38400K, used 5453K [0x00000000eb300000, 0x00000000eff00000, 0x0000000100000000)
  eden space 32256K, 0% used [0x00000000eb300000,0x00000000eb300000,0x00000000ed280000)
  from space 6144K, 88% used [0x00000000ed280000,0x00000000ed7d3540,0x00000000ed880000)
  to   space 6656K, 0% used [0x00000000ef880000,0x00000000ef880000,0x00000000eff00000)
 ParOldGen       total 44032K, used 8704K [0x00000000c1800000, 0x00000000c4300000, 0x00000000eb300000)
  object space 44032K, 19% used [0x00000000c1800000,0x00000000c2080088,0x00000000c4300000)
 Metaspace       used 15703K, capacity 15992K, committed 16128K, reserved 1062912K
  class space    used 1875K, capacity 1982K, committed 2048K, reserved 1048576K
}
Event: 8.110 GC heap before
{Heap before GC invocations=8 (full 0):
 PSYoungGen      total 38400K, used 37709K [0x00000000eb300000, 0x00000000eff00000, 0x0000000100000000)
  eden space 32256K, 100% used [0x00000000eb300000,0x00000000ed280000,0x00000000ed280000)
  from space 6144K, 88% used [0x00000000ed280000,0x00000000ed7d3540,0x00000000ed880000)
  to   space 6656K, 0% used [0x00000000ef880000,0x00000000ef880000,0x00000000eff00000)
 ParOldGen       total 44032K, used 8704K [0x00000000c1800000, 0x00000000c4300000, 0x00000000eb300000)
  object space 44032K, 19% used [0x00000000c1800000,0x00000000c2080088,0x00000000c4300000)
 Metaspace       used 16297K, capacity 16674K, committed 16896K, reserved 1064960K
  class space    used 1921K, capacity 2020K, committed 2048K, reserved 1048576K
Event: 8.122 GC heap after
Heap after GC invocations=8 (full 0):
 PSYoungGen      total 70656K, used 6035K [0x00000000eb300000, 0x00000000f0000000, 0x0000000100000000)
  eden space 64000K, 0% used [0x00000000eb300000,0x00000000eb300000,0x00000000ef180000)
  from space 6656K, 90% used [0x00000000ef880000,0x00000000efe64f60,0x00000000eff00000)
  to   space 7168K, 0% used [0x00000000ef180000,0x00000000ef180000,0x00000000ef880000)
 ParOldGen       total 44032K, used 9418K [0x00000000c1800000, 0x00000000c4300000, 0x00000000eb300000)
  object space 44032K, 21% used [0x00000000c1800000,0x00000000c21328c8,0x00000000c4300000)
 Metaspace       used 16297K, capacity 16674K, committed 16896K, reserved 1064960K
  class space    used 1921K, capacity 2020K, committed 2048K, reserved 1048576K
}
Event: 10.572 GC heap before
{Heap before GC invocations=9 (full 0):
 PSYoungGen      total 70656K, used 70035K [0x00000000eb300000, 0x00000000f0000000, 0x0000000100000000)
  eden space 64000K, 100% used [0x00000000eb300000,0x00000000ef180000,0x00000000ef180000)
  from space 6656K, 90% used [0x00000000ef880000,0x00000000efe64f60,0x00000000eff00000)
  to   space 7168K, 0% used [0x00000000ef180000,0x00000000ef180000,0x00000000ef880000)
 ParOldGen       total 44032K, used 9418K [0x00000000c1800000, 0x00000000c4300000, 0x00000000eb300000)
  object space 44032K, 21% used [0x00000000c1800000,0x00000000c21328c8,0x00000000c4300000)
 Metaspace       used 18417K, capacity 18826K, committed 19072K, reserved 1067008K
  class space    used 2189K, capacity 2332K, committed 2432K, reserved 1048576K
Event: 10.592 GC heap after
Heap after GC invocations=9 (full 0):
 PSYoungGen      total 71168K, used 7150K [0x00000000eb300000, 0x00000000f2900000, 0x0000000100000000)
  eden space 64000K, 0% used [0x00000000eb300000,0x00000000eb300000,0x00000000ef180000)
  from space 7168K, 99% used [0x00000000ef180000,0x00000000ef87b958,0x00000000ef880000)
  to   space 9216K, 0% used [0x00000000f2000000,0x00000000f2000000,0x00000000f2900000)
 ParOldGen       total 44032K, used 12770K [0x00000000c1800000, 0x00000000c4300000, 0x00000000eb300000)
  object space 44032K, 29% used [0x00000000c1800000,0x00000000c2478b20,0x00000000c4300000)
 Metaspace       used 18417K, capacity 18826K, committed 19072K, reserved 1067008K
  class space    used 2189K, capacity 2332K, committed 2432K, reserved 1048576K
}
Event: 11.232 GC heap before
{Heap before GC invocations=10 (full 0):
 PSYoungGen      total 71168K, used 23829K [0x00000000eb300000, 0x00000000f2900000, 0x0000000100000000)
  eden space 64000K, 26% used [0x00000000eb300000,0x00000000ec349b58,0x00000000ef180000)
  from space 7168K, 99% used [0x00000000ef180000,0x00000000ef87b958,0x00000000ef880000)
  to   space 9216K, 0% used [0x00000000f2000000,0x00000000f2000000,0x00000000f2900000)
 ParOldGen       total 44032K, used 12770K [0x00000000c1800000, 0x00000000c4300000, 0x00000000eb300000)
  object space 44032K, 29% used [0x00000000c1800000,0x00000000c2478b20,0x00000000c4300000)
 Metaspace       used 20612K, capacity 21134K, committed 21296K, reserved 1069056K
  class space    used 2468K, capacity 2636K, committed 2688K, reserved 1048576K
Event: 11.242 GC heap after
Heap after GC invocations=10 (full 0):
 PSYoungGen      total 110592K, used 4433K [0x00000000eb300000, 0x00000000f2800000, 0x0000000100000000)
  eden space 102400K, 0% used [0x00000000eb300000,0x00000000eb300000,0x00000000f1700000)
  from space 8192K, 54% used [0x00000000f2000000,0x00000000f2454450,0x00000000f2800000)
  to   space 8704K, 0% used [0x00000000f1700000,0x00000000f1700000,0x00000000f1f80000)
 ParOldGen       total 44032K, used 16166K [0x00000000c1800000, 0x00000000c4300000, 0x00000000eb300000)
  object space 44032K, 36% used [0x00000000c1800000,0x00000000c27c9b30,0x00000000c4300000)
 Metaspace       used 20612K, capacity 21134K, committed 21296K, reserved 1069056K
  class space    used 2468K, capacity 2636K, committed 2688K, reserved 1048576K
}
Event: 11.242 GC heap before
{Heap before GC invocations=11 (full 1):
 PSYoungGen      total 110592K, used 4433K [0x00000000eb300000, 0x00000000f2800000, 0x0000000100000000)
  eden space 102400K, 0% used [0x00000000eb300000,0x00000000eb300000,0x00000000f1700000)
  from space 8192K, 54% used [0x00000000f2000000,0x00000000f2454450,0x00000000f2800000)
  to   space 8704K, 0% used [0x00000000f1700000,0x00000000f1700000,0x00000000f1f80000)
 ParOldGen       total 44032K, used 16166K [0x00000000c1800000, 0x00000000c4300000, 0x00000000eb300000)
  object space 44032K, 36% used [0x00000000c1800000,0x00000000c27c9b30,0x00000000c4300000)
 Metaspace       used 20612K, capacity 21134K, committed 21296K, reserved 1069056K
  class space    used 2468K, capacity 2636K, committed 2688K, reserved 1048576K
Event: 11.331 GC heap after
Heap after GC invocations=11 (full 1):
 PSYoungGen      total 110592K, used 0K [0x00000000eb300000, 0x00000000f2800000, 0x0000000100000000)
  eden space 102400K, 0% used [0x00000000eb300000,0x00000000eb300000,0x00000000f1700000)
  from space 8192K, 0% used [0x00000000f2000000,0x00000000f2000000,0x00000000f2800000)
  to   space 8704K, 0% used [0x00000000f1700000,0x00000000f1700000,0x00000000f1f80000)
 ParOldGen       total 39936K, used 12635K [0x00000000c1800000, 0x00000000c3f00000, 0x00000000eb300000)
  object space 39936K, 31% used [0x00000000c1800000,0x00000000c2456ce0,0x00000000c3f00000)
 Metaspace       used 20612K, capacity 21134K, committed 21296K, reserved 1069056K
  class space    used 2468K, capacity 2636K, committed 2688K, reserved 1048576K
}

Deoptimization events (10 events):
Event: 5.168 Thread 0x0000000002892800 Uncommon trap: reason=class_check action=maybe_recompile pc=0x0000000002e6dc08 method=com.google.inject.internal.LinkedBindingImpl.acceptTargetVisitor(Lcom/google/inject/spi/BindingTargetVisitor;)Ljava/lang/Object; @ 2
Event: 5.179 Thread 0x0000000002892800 Uncommon trap: reason=class_check action=maybe_recompile pc=0x0000000002e6dc08 method=com.google.inject.internal.LinkedBindingImpl.acceptTargetVisitor(Lcom/google/inject/spi/BindingTargetVisitor;)Ljava/lang/Object; @ 2
Event: 5.179 Thread 0x0000000002892800 Uncommon trap: reason=class_check action=maybe_recompile pc=0x0000000002e6dc08 method=com.google.inject.internal.LinkedBindingImpl.acceptTargetVisitor(Lcom/google/inject/spi/BindingTargetVisitor;)Ljava/lang/Object; @ 2
Event: 7.322 Thread 0x0000000002892800 Uncommon trap: reason=unstable_if action=reinterpret pc=0x00000000031ab404 method=java.util.HashMap.clear()V @ 16
Event: 9.189 Thread 0x0000000002892800 Uncommon trap: reason=unstable_if action=reinterpret pc=0x0000000002fa295c method=java.util.LinkedHashMap.afterNodeInsertion(Z)V @ 18
Event: 10.499 Thread 0x0000000002892800 Uncommon trap: reason=unstable_if action=reinterpret pc=0x00000000031c9744 method=java.io.WinNTFileSystem.isLetter(C)Z @ 15
Event: 11.013 Thread 0x0000000002892800 Uncommon trap: reason=unstable_if action=reinterpret pc=0x0000000002ab5248 method=java.net.URI.match(CJJ)Z @ 19
Event: 11.579 Thread 0x0000000002892800 Uncommon trap: reason=unstable_if action=reinterpret pc=0x0000000002d4d9a4 method=java.util.jar.Manifest$FastInputStream.readLine([BII)I @ 87
Event: 11.775 Thread 0x0000000002892800 Uncommon trap: reason=unstable_if action=reinterpret pc=0x0000000002d01428 method=java.io.WinNTFileSystem.normalize(Ljava/lang/String;II)Ljava/lang/String; @ 90
Event: 11.776 Thread 0x0000000002892800 Uncommon trap: reason=class_check action=maybe_recompile pc=0x0000000002b578e4 method=sun.misc.URLClassPath.getLoader(I)Lsun/misc/URLClassPath$Loader; @ 94

Classes redefined (0 events):
No events

Internal exceptions (10 events):
Event: 3.411 Thread 0x0000000002892800 Exception <a 'java/lang/NullPointerException'> (0x00000000eb3c01b8) thrown at [C:\re\workspace\8-2-build-windows-amd64-cygwin\jdk8u191\11896\hotspot\src\share\vm\interpreter\linkResolver.cpp, line 1185]
Event: 3.411 Thread 0x0000000002892800 Exception <a 'java/lang/NullPointerException'> (0x00000000eb3c03d0) thrown at [C:\re\workspace\8-2-build-windows-amd64-cygwin\jdk8u191\11896\hotspot\src\share\vm\interpreter\linkResolver.cpp, line 1185]
Event: 3.411 Thread 0x0000000002892800 Exception <a 'java/lang/NullPointerException'> (0x00000000eb3c05e8) thrown at [C:\re\workspace\8-2-build-windows-amd64-cygwin\jdk8u191\11896\hotspot\src\share\vm\interpreter\linkResolver.cpp, line 1185]
Event: 4.287 Thread 0x0000000002892800 Implicit null exception at 0x0000000002f9c0cb to 0x0000000002f9d36d
Event: 4.989 Thread 0x0000000002892800 Implicit null exception at 0x0000000002d4c555 to 0x0000000002d4c725
Event: 4.993 Thread 0x0000000002892800 Implicit null exception at 0x0000000002d3912f to 0x0000000002d39199
Event: 7.322 Thread 0x0000000002892800 Implicit null exception at 0x00000000031ab336 to 0x00000000031ab3f1
Event: 9.397 Thread 0x0000000002892800 Exception <a 'java/lang/NoClassDefFoundError': org/codehaus/plexus/util/interpolation/ValueSource> (0x00000000ed94b870) thrown at [C:\re\workspace\8-2-build-windows-amd64-cygwin\jdk8u191\11896\hotspot\src\share\vm\classfile\systemDictionary.cpp, line 199]
Event: 9.538 Thread 0x0000000002892800 Exception <a 'java/lang/NoClassDefFoundError': org/sonatype/aether/version/VersionConstraint> (0x00000000edf51d18) thrown at [C:\re\workspace\8-2-build-windows-amd64-cygwin\jdk8u191\11896\hotspot\src\share\vm\classfile\systemDictionary.cpp, line 199]
Event: 11.012 Thread 0x0000000002892800 Exception <a 'java/lang/ClassNotFoundException': com/sun/tools/javac/api/JavacTool> (0x00000000ebd856f8) thrown at [C:\re\workspace\8-2-build-windows-amd64-cygwin\jdk8u191\11896\hotspot\src\share\vm\classfile\systemDictionary.cpp, line 210]

Events (10 events):
Event: 11.775 loading class com/sun/tools/javac/processing/JavacProcessingEnvironment$DiscoveredProcessors$ProcessorStateIterator
Event: 11.775 loading class com/sun/tools/javac/processing/JavacProcessingEnvironment$DiscoveredProcessors$ProcessorStateIterator done
Event: 11.775 Thread 0x0000000002892800 Uncommon trap: trap_request=0xffffff65 fr.pc=0x0000000002d01428
Event: 11.775 Thread 0x0000000002892800 DEOPT PACKING pc=0x0000000002d01428 sp=0x000000000288bbd0
Event: 11.775 Thread 0x0000000002892800 DEOPT UNPACKING pc=0x00000000029d583b sp=0x000000000288bb38 mode 2
Event: 11.775 Thread 0x0000000002892800 Uncommon trap: trap_request=0xffffffde fr.pc=0x0000000002b578e4
Event: 11.775 Executing VM operation: RevokeBias
Event: 11.776 Executing VM operation: RevokeBias done
Event: 11.776 Thread 0x0000000002892800 DEOPT PACKING pc=0x0000000002b578e4 sp=0x000000000288ca70
Event: 11.776 Thread 0x0000000002892800 DEOPT UNPACKING pc=0x00000000029d583b sp=0x000000000288c9f8 mode 2


Dynamic libraries:
0x00007ff752b40000 - 0x00007ff752b77000 	C:\Program Files\Java\jdk1.8.0_191\bin\java.exe
0x00007ff85bc60000 - 0x00007ff85be50000 	C:\WINDOWS\SYSTEM32\ntdll.dll
0x00007ff85b9b0000 - 0x00007ff85ba62000 	C:\WINDOWS\System32\KERNEL32.DLL
0x00007ff858bf0000 - 0x00007ff858e93000 	C:\WINDOWS\System32\KERNELBASE.dll
0x00007ff859d10000 - 0x00007ff859db3000 	C:\WINDOWS\System32\ADVAPI32.dll
0x00007ff85a190000 - 0x00007ff85a22e000 	C:\WINDOWS\System32\msvcrt.dll
0x00007ff85ac90000 - 0x00007ff85ad27000 	C:\WINDOWS\System32\sechost.dll
0x00007ff85afd0000 - 0x00007ff85b0f0000 	C:\WINDOWS\System32\RPCRT4.dll
0x00007ff859dc0000 - 0x00007ff859f54000 	C:\WINDOWS\System32\USER32.dll
0x00007ff859830000 - 0x00007ff859851000 	C:\WINDOWS\System32\win32u.dll
0x00007ff85a510000 - 0x00007ff85a536000 	C:\WINDOWS\System32\GDI32.dll
0x00007ff8599d0000 - 0x00007ff859b64000 	C:\WINDOWS\System32\gdi32full.dll
0x00007ff859c70000 - 0x00007ff859d0e000 	C:\WINDOWS\System32\msvcp_win.dll
0x00007ff859b70000 - 0x00007ff859c6a000 	C:\WINDOWS\System32\ucrtbase.dll
0x00007ff84ba20000 - 0x00007ff84bca5000 	C:\WINDOWS\WinSxS\amd64_microsoft.windows.common-controls_6595b64144ccf1df_6.0.18362.592_none_e6c0b1911312be02\COMCTL32.dll
0x00007ff85b630000 - 0x00007ff85b966000 	C:\WINDOWS\System32\combase.dll
0x00007ff859700000 - 0x00007ff859780000 	C:\WINDOWS\System32\bcryptPrimitives.dll
0x00007ff85b980000 - 0x00007ff85b9ae000 	C:\WINDOWS\System32\IMM32.DLL
0x0000000051d00000 - 0x0000000051dd2000 	C:\Program Files\Java\jdk1.8.0_191\jre\bin\msvcr100.dll
0x0000000051de0000 - 0x0000000052684000 	C:\Program Files\Java\jdk1.8.0_191\jre\bin\server\jvm.dll
0x00007ff85a120000 - 0x00007ff85a128000 	C:\WINDOWS\System32\PSAPI.DLL
0x00007ff849a70000 - 0x00007ff849a7a000 	C:\WINDOWS\SYSTEM32\VERSION.dll
0x00007ff8543f0000 - 0x00007ff854414000 	C:\WINDOWS\SYSTEM32\WINMM.dll
0x00007ff8543c0000 - 0x00007ff8543ed000 	C:\WINDOWS\SYSTEM32\winmmbase.dll
0x00007ff8596b0000 - 0x00007ff8596fa000 	C:\WINDOWS\System32\cfgmgr32.dll
0x00007ff8552c0000 - 0x00007ff8552c9000 	C:\WINDOWS\SYSTEM32\WSOCK32.dll
0x00007ff85a360000 - 0x00007ff85a3cf000 	C:\WINDOWS\System32\WS2_32.dll
0x0000000051cb0000 - 0x0000000051cbf000 	C:\Program Files\Java\jdk1.8.0_191\jre\bin\verify.dll
0x0000000051c80000 - 0x0000000051ca9000 	C:\Program Files\Java\jdk1.8.0_191\jre\bin\java.dll
0x0000000051c60000 - 0x0000000051c76000 	C:\Program Files\Java\jdk1.8.0_191\jre\bin\zip.dll
0x00007ff85a540000 - 0x00007ff85ac25000 	C:\WINDOWS\System32\SHELL32.dll
0x00007ff859fe0000 - 0x00007ff85a089000 	C:\WINDOWS\System32\shcore.dll
0x00007ff858ea0000 - 0x00007ff85961f000 	C:\WINDOWS\System32\windows.storage.dll
0x00007ff858bd0000 - 0x00007ff858bef000 	C:\WINDOWS\System32\profapi.dll
0x00007ff858b60000 - 0x00007ff858baa000 	C:\WINDOWS\System32\powrprof.dll
0x00007ff858b30000 - 0x00007ff858b40000 	C:\WINDOWS\System32\UMPDC.dll
0x00007ff85ac30000 - 0x00007ff85ac82000 	C:\WINDOWS\System32\shlwapi.dll
0x00007ff858b40000 - 0x00007ff858b51000 	C:\WINDOWS\System32\kernel.appcore.dll
0x00007ff859860000 - 0x00007ff859877000 	C:\WINDOWS\System32\cryptsp.dll
0x00007ff856050000 - 0x00007ff85605a000 	D:\NetBeansNew\NetBeans-12.0\netbeans\java\maven\lib\jansi-native\windows64\jansi.dll
0x0000000051c40000 - 0x0000000051c5a000 	C:\Program Files\Java\jdk1.8.0_191\jre\bin\net.dll
0x00007ff8583a0000 - 0x00007ff858407000 	C:\WINDOWS\system32\mswsock.dll
0x0000000051c20000 - 0x0000000051c31000 	C:\Program Files\Java\jdk1.8.0_191\jre\bin\nio.dll

VM Arguments:
jvm_args: -Dclassworlds.conf=D:\NetBeansNew\NetBeans-12.0\netbeans\java\maven\bin\..\bin\m2.conf -Dmaven.home=D:\NetBeansNew\NetBeans-12.0\netbeans\java\maven\bin\.. -Dlibrary.jansi.path=D:\NetBeansNew\NetBeans-12.0\netbeans\java\maven\bin\..\lib\jansi-native -Dmaven.multiModuleProjectDirectory=D:\CNTT\Final\finalproject 
java_command: org.codehaus.plexus.classworlds.launcher.Launcher -Dmaven.ext.class.path=D:\NetBeansNew\NetBeans-12.0\netbeans\java\maven-nblib\netbeans-eventspy.jar -Dfile.encoding=UTF-8 clean install
java_class_path (initial): D:\NetBeansNew\NetBeans-12.0\netbeans\java\maven\bin\..\boot\plexus-classworlds-2.6.0.jar
Launcher Type: SUN_STANDARD

Environment Variables:
JAVA_HOME=C:\Program Files\Java\jdk1.8.0_191
PATH=C:\Program Files (x86)\Common Files\Oracle\Java\javapath;C:\WINDOWS\system32;C:\WINDOWS;C:\WINDOWS\System32\Wbem;C:\WINDOWS\System32\WindowsPowerShell\v1.0\;C:\WINDOWS\System32\OpenSSH\;C:\Program Files (x86)\Microsoft SQL Server\100\Tools\Binn\;C:\Program Files\Microsoft SQL Server\100\Tools\Binn\;C:\Program Files\Microsoft SQL Server\100\DTS\Binn\;D:\xampp\php;C:\ProgramData\ComposerSetup\bin;C:\Users\Administrator\AppData\Local\Microsoft\WindowsApps;C:\Program Files\Java\jdk1.8.0_191;C:\Program Files\Java\jre1.8.0_191;C:\Users\Administrator\AppData\Roaming\Composer\vendor\bin;
USERNAME=Administrator
OS=Windows_NT
PROCESSOR_IDENTIFIER=Intel64 Family 6 Model 69 Stepping 1, GenuineIntel



---------------  S Y S T E M  ---------------

OS: Windows 10.0 , 64 bit Build 18362 (10.0.18362.329)

CPU:total 4 (initial active 4) (2 cores per cpu, 2 threads per core) family 6 model 69 stepping 1, cmov, cx8, fxsr, mmx, sse, sse2, sse3, ssse3, sse4.1, sse4.2, popcnt, avx, avx2, aes, clmul, erms, lzcnt, ht, tsc, tscinvbit, bmi1, bmi2

Memory: 4k page, physical 4088940k(344380k free), swap 9223016k(5720k free)

vm_info: Java HotSpot(TM) 64-Bit Server VM (25.191-b12) for windows-amd64 JRE (1.8.0_191-b12), built on Oct  6 2018 09:29:03 by "java_re" with MS VC++ 10.0 (VS2010)

time: Fri Nov 27 12:33:23 2020
elapsed time: 11 seconds (0d 0h 0m 11s)

